<?xml version="1.0" encoding="utf-8"?><testsuites><testsuite name="pytest" errors="0" failures="0" skipped="0" tests="3" time="34.886" timestamp="2021-07-14T11:37:10.392309" hostname="DESKTOP-PNLN8OR"><testcase classname="tests.test_ContactUs.TestContactUs" name="test_open_contact_us[chrome]" time="7.273" /><testcase classname="tests.test_ContactUs.TestContactUs" name="test_send_contact_us_fail[chrome]" time="10.109" /><testcase classname="tests.test_ServiceDetail.TestServiceDetail" name="test_open_service_item[chrome]" time="17.417" /></testsuite></testsuites>